<?xml version="1.0" encoding="UTF-8"?>
<!-- Generated by org.testng.reporters.JUnitReportReporter -->
<testsuite skipped="0" hostname="LAPTOP-HINLINDE" name="com.Annotations.TestNG_MultipleTest_DependenciesOnMethod" tests="3" failures="0" timestamp="21 Apr 2019 18:38:57 GMT" time="0.023" errors="0">
  <testcase name="TestTwo" time="0.007" classname="com.Annotations.TestNG_MultipleTest_DependenciesOnMethod"/>
  <testcase name="TestOne" time="0.010" classname="com.Annotations.TestNG_MultipleTest_DependenciesOnMethod"/>
  <testcase name="TestThree" time="0.006" classname="com.Annotations.TestNG_MultipleTest_DependenciesOnMethod"/>
</testsuite> <!-- com.Annotations.TestNG_MultipleTest_DependenciesOnMethod -->
