<?xml version="1.0" encoding="UTF-8"?>
<!-- Generated by org.testng.reporters.JUnitReportReporter -->
<testsuite skipped="0" hostname="LAPTOP-HINLINDE" name="com.TestNG_Rahulsharma.Bikeloan" tests="2" failures="0" timestamp="22 Apr 2019 15:50:46 GMT" time="0.010" errors="0">
  <testcase name="BikemonthlyLoaninstalment" time="0.005" classname="com.TestNG_Rahulsharma.Bikeloan"/>
  <testcase name="Bikemonthlymaintance" time="0.005" classname="com.TestNG_Rahulsharma.Bikeloan"/>
</testsuite> <!-- com.TestNG_Rahulsharma.Bikeloan -->
