<?xml version="1.0" encoding="UTF-8"?>
<!-- Generated by org.testng.reporters.JUnitReportReporter -->
<testsuite skipped="0" hostname="LAPTOP-HINLINDE" name="com.Annotations.GoogleTest" tests="2" failures="0" timestamp="21 Apr 2019 18:38:57 GMT" time="27.861" errors="0">
  <testcase name="GoogleTitleTest" time="6.815" classname="com.Annotations.GoogleTest"/>
  <testcase name="googleLogoTest" time="21.046" classname="com.Annotations.GoogleTest"/>
</testsuite> <!-- com.Annotations.GoogleTest -->
