<?xml version="1.0" encoding="UTF-8"?>
<!-- Generated by org.testng.reporters.JUnitReportReporter -->
<testsuite skipped="0" hostname="LAPTOP-HINLINDE" name="com.parameters.ParameterTest" tests="1" failures="0" timestamp="23 Apr 2019 11:19:01 GMT" time="6.599" errors="0">
  <testcase name="YahooLoginTest" time="6.599" classname="com.parameters.ParameterTest"/>
</testsuite> <!-- com.parameters.ParameterTest -->
