<?xml version="1.0" encoding="UTF-8"?>
<!-- Generated by org.testng.reporters.JUnitReportReporter -->
<testsuite skipped="0" hostname="LAPTOP-HINLINDE" name="com.TestNG_Rahulsharma.Day4" tests="3" failures="0" timestamp="22 Apr 2019 15:50:46 GMT" time="0.016" errors="0">
  <testcase name="loginAPIhomeloan" time="0.009" classname="com.TestNG_Rahulsharma.Day4"/>
  <testcase name="webloginhomeloan" time="0.003" classname="com.TestNG_Rahulsharma.Day4"/>
  <testcase name="mobileloginhomeloan" time="0.004" classname="com.TestNG_Rahulsharma.Day4"/>
</testsuite> <!-- com.TestNG_Rahulsharma.Day4 -->
