<?xml version="1.0" encoding="UTF-8"?>
<!-- Generated by org.testng.reporters.JUnitReportReporter -->
<testsuite skipped="0" hostname="LAPTOP-HINLINDE" name="com.Annotations.ExpectedExceptions" tests="2" failures="0" timestamp="21 Apr 2019 18:38:57 GMT" time="0.041" errors="0">
  <testcase name="test2" time="0.039" classname="com.Annotations.ExpectedExceptions"/>
  <testcase name="DividedByZero" time="0.002" classname="com.Annotations.ExpectedExceptions"/>
</testsuite> <!-- com.Annotations.ExpectedExceptions -->
