<?xml version="1.0" encoding="UTF-8"?>
<!-- Generated by org.testng.reporters.JUnitReportReporter -->
<testsuite skipped="0" hostname="LAPTOP-HINLINDE" name="com.TestNG_Rahulsharma.Day5" tests="1" failures="0" timestamp="22 Apr 2019 15:50:46 GMT" time="0.009" errors="0">
  <testcase name="firstTestcase" time="0.009" classname="com.TestNG_Rahulsharma.Day5"/>
</testsuite> <!-- com.TestNG_Rahulsharma.Day5 -->
