<?xml version="1.0" encoding="UTF-8"?>
<!-- Generated by org.testng.reporters.JUnitReportReporter -->
<testsuite skipped="0" hostname="LAPTOP-HINLINDE" name="PageObjectModel.NewTours_Homepage_Testing" tests="1" failures="0" timestamp="26 Apr 2019 11:38:34 GMT" time="7.946" errors="0">
  <testcase name="homerpage" time="7.946" classname="PageObjectModel.NewTours_Homepage_Testing"/>
</testsuite> <!-- PageObjectModel.NewTours_Homepage_Testing -->
