<?xml version="1.0" encoding="UTF-8"?>
<!-- Generated by org.testng.reporters.JUnitReportReporter -->
<testsuite skipped="0" hostname="LAPTOP-HINLINDE" name="com.Annotations.InvocationCount_Test" tests="15" failures="0" timestamp="26 Apr 2019 09:10:58 GMT" time="0.052" errors="0">
  <testcase name="Invocation_count" time="0.005" classname="com.Annotations.InvocationCount_Test"/>
  <testcase name="Invocation_count" time="0.003" classname="com.Annotations.InvocationCount_Test"/>
  <testcase name="Invocation_count" time="0.015" classname="com.Annotations.InvocationCount_Test"/>
  <testcase name="Invocation_count" time="0.002" classname="com.Annotations.InvocationCount_Test"/>
  <testcase name="Invocation_count" time="0.002" classname="com.Annotations.InvocationCount_Test"/>
  <testcase name="Invocation_count" time="0.003" classname="com.Annotations.InvocationCount_Test"/>
  <testcase name="Invocation_count" time="0.001" classname="com.Annotations.InvocationCount_Test"/>
  <testcase name="Invocation_count" time="0.002" classname="com.Annotations.InvocationCount_Test"/>
  <testcase name="Invocation_count" time="0.002" classname="com.Annotations.InvocationCount_Test"/>
  <testcase name="Invocation_count" time="0.001" classname="com.Annotations.InvocationCount_Test"/>
  <testcase name="Invocation_count" time="0.001" classname="com.Annotations.InvocationCount_Test"/>
  <testcase name="Invocation_count" time="0.003" classname="com.Annotations.InvocationCount_Test"/>
  <testcase name="Invocation_count" time="0.002" classname="com.Annotations.InvocationCount_Test"/>
  <testcase name="Invocation_count" time="0.003" classname="com.Annotations.InvocationCount_Test"/>
  <testcase name="Invocation_count" time="0.007" classname="com.Annotations.InvocationCount_Test"/>
</testsuite> <!-- com.Annotations.InvocationCount_Test -->
