<?xml version="1.0" encoding="UTF-8"?>
<!-- Generated by org.testng.reporters.JUnitReportReporter -->
<testsuite skipped="0" hostname="LAPTOP-HINLINDE" name="com.Annotations.TestNG_PrioritiesTest" tests="7" failures="0" timestamp="21 Apr 2019 18:38:57 GMT" time="50.910" errors="0">
  <testcase name="GooglesTitle1" time="6.090" classname="com.Annotations.TestNG_PrioritiesTest"/>
  <testcase name="GooglesTitle" time="8.038" classname="com.Annotations.TestNG_PrioritiesTest"/>
  <testcase name="GoogleTitle" time="7.883" classname="com.Annotations.TestNG_PrioritiesTest"/>
  <testcase name="Googlelogo" time="6.755" classname="com.Annotations.TestNG_PrioritiesTest"/>
  <testcase name="Googlelogo1" time="6.800" classname="com.Annotations.TestNG_PrioritiesTest"/>
  <testcase name="Googlelogo2" time="9.021" classname="com.Annotations.TestNG_PrioritiesTest"/>
  <testcase name="GoogleUI" time="6.323" classname="com.Annotations.TestNG_PrioritiesTest"/>
</testsuite> <!-- com.Annotations.TestNG_PrioritiesTest -->
