<?xml version="1.0" encoding="UTF-8"?>
<!-- Generated by org.testng.reporters.JUnitReportReporter -->
<testsuite skipped="0" hostname="LAPTOP-HINLINDE" name="com.TestNG_Rahulsharma.Day1" tests="1" failures="0" timestamp="22 Apr 2019 16:02:52 GMT" time="0.014" errors="0">
  <testcase name="FirstTestCase" time="0.014" classname="com.TestNG_Rahulsharma.Day1"/>
</testsuite> <!-- com.TestNG_Rahulsharma.Day1 -->
