<?xml version="1.0" encoding="UTF-8"?>
<!-- Generated by org.testng.reporters.JUnitReportReporter -->
<testsuite skipped="1" hostname="LAPTOP-HINLINDE" name="com.TestNG_Rahulsharma.Day3_Test_enable" tests="3" failures="0" timestamp="22 Apr 2019 20:04:36 GMT" time="0.015" errors="0">
  <testcase name="Mobilesignincarloan" time="0.000" classname="com.TestNG_Rahulsharma.Day3_Test_enable"/>
  <testcase name="APIcarloan" time="0.015" classname="com.TestNG_Rahulsharma.Day3_Test_enable"/>
  <testcase name="Mobilesinoutcarloan" classname="com.TestNG_Rahulsharma.Day3_Test_enable">
    <skipped/>
  </testcase> <!-- Mobilesinoutcarloan -->
</testsuite> <!-- com.TestNG_Rahulsharma.Day3_Test_enable -->
