<?xml version="1.0" encoding="UTF-8"?>
<!-- Generated by org.testng.reporters.JUnitReportReporter -->
<testsuite skipped="0" hostname="LAPTOP-HINLINDE" name="com.TestNG_Rahulsharma.Goldloan" tests="2" failures="0" timestamp="22 Apr 2019 15:50:46 GMT" time="0.006" errors="0">
  <testcase name="mobileloginhomepage" time="0.002" classname="com.TestNG_Rahulsharma.Goldloan"/>
  <testcase name="webloginhomepage" time="0.004" classname="com.TestNG_Rahulsharma.Goldloan"/>
</testsuite> <!-- com.TestNG_Rahulsharma.Goldloan -->
