<?xml version="1.0" encoding="UTF-8"?>
<!-- Generated by org.testng.reporters.JUnitReportReporter -->
<testsuite skipped="0" hostname="LAPTOP-HINLINDE" name="com.TestNG.Day3" tests="3" failures="0" timestamp="26 Apr 2019 09:09:39 GMT" time="0.038" errors="0">
  <testcase name="webLoginCArLoan" time="0.004" classname="com.TestNG.Day3"/>
  <testcase name="LoginAPICarLoan" time="0.030" classname="com.TestNG.Day3"/>
  <testcase name="MobileLOginCarLoan" time="0.004" classname="com.TestNG.Day3"/>
</testsuite> <!-- com.TestNG.Day3 -->
